<?xml version="1.0" encoding="UTF-8"?>
<robot generator="Robot 3.2.2 (Python 3.9.2 on win32)" generated="20210816 21:01:04.053" rpa="false">
<suite id="s1" name="Robot Scratchpad" source="c:\Users\dekom\.vscode\extensions\robocorp.robotframework-lsp-0.20.0\src\robotframework_ls\vendored\robotframework_interactive\robot_scratchpad.robot">
<test id="s1-t1" name="Default Task/Test">
<kw name="Interpreter Main Loop" library="MainLoop">
<kw name="Dado">
<arguments>
<arg>que esteja na página do google</arg>
</arguments>
<msg timestamp="20210816 21:01:05.454" level="FAIL">No keyword with name 'Dado' found.</msg>
<status status="FAIL" starttime="20210816 21:01:05.452" endtime="20210816 21:01:05.454"></status>
</kw>
<status status="PASS" starttime="20210816 21:01:04.090" endtime="20210816 21:02:13.019"></status>
</kw>
<status status="PASS" starttime="20210816 21:01:04.089" endtime="20210816 21:02:13.020" critical="yes"></status>
</test>
<status status="PASS" starttime="20210816 21:01:04.055" endtime="20210816 21:02:13.021"></status>
</suite>
<statistics>
<total>
<stat pass="1" fail="0">Critical Tests</stat>
<stat pass="1" fail="0">All Tests</stat>
</total>
<tag>
</tag>
<suite>
<stat pass="1" fail="0" id="s1" name="Robot Scratchpad">Robot Scratchpad</stat>
</suite>
</statistics>
<errors>
</errors>
</robot>
