<?xml version="1.0" encoding="UTF-8"?>
<robot generator="Robot 3.2.2 (Python 3.9.2 on win32)" generated="20210818 07:33:32.495" rpa="false">
<suite id="s1" name="Tests" source="C:\Git\Pipeline\Pipeline\tests">
<suite id="s1-s1" name="Google Tc" source="C:\Git\Pipeline\Pipeline\tests\google_tc.robot">
<test id="s1-s1-t1" name="O que é pipeline?">
<kw name="Open the Browser" library="main" type="setup">
<kw name="Open Browser" library="SeleniumLibrary">
<doc>Opens a new browser instance to the optional ``url``.</doc>
<arguments>
<arg>about:blank</arg>
<arg>${BROWSER}</arg>
<arg>options=${OPTIONS}</arg>
</arguments>
<msg timestamp="20210818 07:33:32.722" level="INFO">Opening browser 'Chrome' to base url 'about:blank'.</msg>
<status status="PASS" starttime="20210818 07:33:32.722" endtime="20210818 07:33:34.121"></status>
</kw>
<kw name="Maximize Browser Window" library="SeleniumLibrary">
<doc>Maximizes current browser window.</doc>
<status status="PASS" starttime="20210818 07:33:34.121" endtime="20210818 07:33:34.237"></status>
</kw>
<status status="PASS" starttime="20210818 07:33:32.722" endtime="20210818 07:33:34.238"></status>
</kw>
<kw name="Dado" library="BDD">
<arguments>
<arg>que esteja na página do google</arg>
</arguments>
<kw name="Run Keyword" library="BuiltIn">
<doc>Executes the given keyword with the given arguments.</doc>
<arguments>
<arg>@{keyword}</arg>
</arguments>
<kw name="que esteja na página do google" library="google_st">
<kw name="Go To" library="SeleniumLibrary">
<doc>Navigates the current browser window to the provided ``url``.</doc>
<arguments>
<arg>${URLgoogle}</arg>
</arguments>
<msg timestamp="20210818 07:33:34.244" level="INFO">Opening url 'https://www.google.com/'</msg>
<status status="PASS" starttime="20210818 07:33:34.243" endtime="20210818 07:33:35.377"></status>
</kw>
<kw name="Wait Until Element Is Visible" library="SeleniumLibrary">
<doc>Waits until the element ``locator`` is visible.</doc>
<arguments>
<arg>//input[@type='text']</arg>
</arguments>
<status status="PASS" starttime="20210818 07:33:35.377" endtime="20210818 07:33:35.402"></status>
</kw>
<status status="PASS" starttime="20210818 07:33:34.242" endtime="20210818 07:33:35.403"></status>
</kw>
<status status="PASS" starttime="20210818 07:33:34.241" endtime="20210818 07:33:35.403"></status>
</kw>
<status status="PASS" starttime="20210818 07:33:34.239" endtime="20210818 07:33:35.403"></status>
</kw>
<kw name="Quando" library="BDD">
<arguments>
<arg>pesquisar o que é pipeline?</arg>
</arguments>
<kw name="Run Keyword" library="BuiltIn">
<doc>Executes the given keyword with the given arguments.</doc>
<arguments>
<arg>@{keyword}</arg>
</arguments>
<kw name="pesquisar o que é pipeline?" library="google_st">
<kw name="Input Text" library="SeleniumLibrary">
<doc>Types the given ``text`` into the text field identified by ``locator``.</doc>
<arguments>
<arg>//input[@type='text']</arg>
<arg>o que é pipeline?</arg>
</arguments>
<msg timestamp="20210818 07:33:35.405" level="INFO">Typing text 'o que é pipeline?' into text field '//input[@type='text']'.</msg>
<status status="PASS" starttime="20210818 07:33:35.405" endtime="20210818 07:33:35.530"></status>
</kw>
<kw name="Press Keys" library="SeleniumLibrary">
<doc>Simulates the user pressing key(s) to an element or on the active browser.</doc>
<arguments>
<arg>None</arg>
<arg>ENTER</arg>
</arguments>
<msg timestamp="20210818 07:33:35.530" level="INFO">Sending key(s) ('ENTER',) to page.</msg>
<msg timestamp="20210818 07:33:35.530" level="INFO">Pressing special key ENTER to browser.</msg>
<msg timestamp="20210818 07:33:35.530" level="INFO">Releasing special key ENTER.</msg>
<status status="PASS" starttime="20210818 07:33:35.530" endtime="20210818 07:33:37.725"></status>
</kw>
<status status="PASS" starttime="20210818 07:33:35.404" endtime="20210818 07:33:37.725"></status>
</kw>
<status status="PASS" starttime="20210818 07:33:35.404" endtime="20210818 07:33:37.725"></status>
</kw>
<status status="PASS" starttime="20210818 07:33:35.403" endtime="20210818 07:33:37.725"></status>
</kw>
<kw name="Então" library="BDD">
<arguments>
<arg>apresentar os resultados da pesquisa</arg>
</arguments>
<kw name="Run Keyword" library="BuiltIn">
<doc>Executes the given keyword with the given arguments.</doc>
<arguments>
<arg>@{keyword}</arg>
</arguments>
<kw name="apresentar os resultados da pesquisa" library="google_st">
<kw name="Wait Until Element Is Visible" library="SeleniumLibrary">
<doc>Waits until the element ``locator`` is visible.</doc>
<arguments>
<arg>(//h3[contains(.,'O que é pipeline?')])</arg>
</arguments>
<status status="PASS" starttime="20210818 07:33:37.727" endtime="20210818 07:33:37.751"></status>
</kw>
<status status="PASS" starttime="20210818 07:33:37.726" endtime="20210818 07:33:37.751"></status>
</kw>
<status status="PASS" starttime="20210818 07:33:37.726" endtime="20210818 07:33:37.751"></status>
</kw>
<status status="PASS" starttime="20210818 07:33:37.725" endtime="20210818 07:33:37.751"></status>
</kw>
<kw name="Close the Browser" library="main" type="teardown">
<kw name="Close Browser" library="SeleniumLibrary">
<doc>Closes the current browser.</doc>
<status status="PASS" starttime="20210818 07:33:37.752" endtime="20210818 07:33:39.825"></status>
</kw>
<status status="PASS" starttime="20210818 07:33:37.752" endtime="20210818 07:33:39.826"></status>
</kw>
<status status="PASS" starttime="20210818 07:33:32.721" endtime="20210818 07:33:39.827" critical="yes"></status>
</test>
<status status="PASS" starttime="20210818 07:33:32.518" endtime="20210818 07:33:39.833"></status>
</suite>
<status status="PASS" starttime="20210818 07:33:32.497" endtime="20210818 07:33:39.837"></status>
</suite>
<statistics>
<total>
<stat pass="1" fail="0">Critical Tests</stat>
<stat pass="1" fail="0">All Tests</stat>
</total>
<tag>
</tag>
<suite>
<stat pass="1" fail="0" id="s1" name="Tests">Tests</stat>
<stat pass="1" fail="0" id="s1-s1" name="Google Tc">Tests.Google Tc</stat>
</suite>
</statistics>
<errors>
</errors>
</robot>
